<?xml version="1.0" encoding="UTF-8"?>
<testng-results ignored="0" total="4" passed="4" failed="0" skipped="0">
  <reporter-output>
  </reporter-output>
  <suite started-at="2021-02-25T22:54:19 IST" name="Suite" finished-at="2021-02-25T22:54:19 IST" duration-ms="64">
    <groups>
    </groups>
    <test started-at="2021-02-25T22:54:19 IST" name="Test" finished-at="2021-02-25T22:54:19 IST" duration-ms="64">
      <class name="qaclickacademy.Mavenjava.RestAPITest">
        <test-method signature="deleteTwitter()[pri:0, instance:qaclickacademy.Mavenjava.RestAPITest@41ee392b]" started-at="2021-02-25T22:54:19 IST" name="deleteTwitter" finished-at="2021-02-25T22:54:19 IST" duration-ms="6" status="PASS">
          <reporter-output>
          </reporter-output>
        </test-method> <!-- deleteTwitter -->
        <test-method signature="postJira()[pri:0, instance:qaclickacademy.Mavenjava.RestAPITest@41ee392b]" started-at="2021-02-25T22:54:19 IST" name="postJira" finished-at="2021-02-25T22:54:19 IST" duration-ms="0" status="PASS">
          <reporter-output>
          </reporter-output>
        </test-method> <!-- postJira -->
      </class> <!-- qaclickacademy.Mavenjava.RestAPITest -->
      <class name="qaclickacademy.Mavenjava.SeleniumTest">
        <test-method signature="browserAutomation()[pri:0, instance:qaclickacademy.Mavenjava.SeleniumTest@1e67a849]" started-at="2021-02-25T22:54:19 IST" name="browserAutomation" finished-at="2021-02-25T22:54:19 IST" duration-ms="0" status="PASS">
          <reporter-output>
          </reporter-output>
        </test-method> <!-- browserAutomation -->
        <test-method signature="elementsUi()[pri:0, instance:qaclickacademy.Mavenjava.SeleniumTest@1e67a849]" started-at="2021-02-25T22:54:19 IST" name="elementsUi" finished-at="2021-02-25T22:54:19 IST" duration-ms="0" status="PASS">
          <reporter-output>
          </reporter-output>
        </test-method> <!-- elementsUi -->
      </class> <!-- qaclickacademy.Mavenjava.SeleniumTest -->
    </test> <!-- Test -->
  </suite> <!-- Suite -->
</testng-results>
