<?xml version="1.0" encoding="UTF-8"?>
<testng-results ignored="0" total="2" passed="2" failed="0" skipped="0">
  <reporter-output>
  </reporter-output>
  <suite started-at="2021-02-25T22:00:54 IST" name="Default suite" finished-at="2021-02-25T22:00:54 IST" duration-ms="104">
    <groups>
    </groups>
    <test started-at="2021-02-25T22:00:54 IST" name="Default test" finished-at="2021-02-25T22:00:54 IST" duration-ms="104">
      <class name="qaclickacademy.Mavenjava.SeleniumTest">
        <test-method signature="browserAutomation()[pri:0, instance:qaclickacademy.Mavenjava.SeleniumTest@36b4fe2a]" started-at="2021-02-25T22:00:54 IST" name="browserAutomation" finished-at="2021-02-25T22:00:54 IST" duration-ms="24" status="PASS">
          <reporter-output>
          </reporter-output>
        </test-method> <!-- browserAutomation -->
        <test-method signature="elementsUi()[pri:0, instance:qaclickacademy.Mavenjava.SeleniumTest@36b4fe2a]" started-at="2021-02-25T22:00:54 IST" name="elementsUi" finished-at="2021-02-25T22:00:54 IST" duration-ms="1" status="PASS">
          <reporter-output>
          </reporter-output>
        </test-method> <!-- elementsUi -->
      </class> <!-- qaclickacademy.Mavenjava.SeleniumTest -->
    </test> <!-- Default test -->
  </suite> <!-- Default suite -->
</testng-results>
